2020-08-03 21:59:56 - Starting FlightreservationApplication on LAPTOP-ZONDA with PID 24104 (C:\Users\Zonda\Desktop\udemy\flight\flightreservation\target\classes started by Zonda in C:\Users\Zonda\Desktop\udemy\flight\flightreservation)
2020-08-03 21:59:56 - No active profile set, falling back to default profiles: default
2020-08-03 21:59:57 - Bootstrapping Spring Data JPA repositories in DEFERRED mode.
2020-08-03 21:59:57 - Finished Spring Data repository scanning in 86ms. Found 4 JPA repository interfaces.
2020-08-03 21:59:58 - Tomcat initialized with port(s): 8080 (http)
2020-08-03 21:59:58 - Initializing ProtocolHandler ["http-nio-8080"]
2020-08-03 21:59:58 - Starting service [Tomcat]
2020-08-03 21:59:58 - Starting Servlet engine: [Apache Tomcat/9.0.37]
2020-08-03 21:59:58 - At least one JAR was scanned for TLDs yet contained no TLDs. Enable debug logging for this logger for a complete list of JARs that were scanned but no TLDs were found in them. Skipping unneeded JARs during scanning can improve startup time and JSP compilation time.
2020-08-03 21:59:58 - Initializing Spring embedded WebApplicationContext
2020-08-03 21:59:58 - Root WebApplicationContext: initialization completed in 1757 ms
2020-08-03 21:59:58 - Initializing ExecutorService 'applicationTaskExecutor'
2020-08-03 21:59:58 - HikariPool-1 - Starting...
2020-08-03 21:59:59 - HikariPool-1 - Start completed.
2020-08-03 21:59:59 - HHH000204: Processing PersistenceUnitInfo [name: default]
2020-08-03 21:59:59 - spring.jpa.open-in-view is enabled by default. Therefore, database queries may be performed during view rendering. Explicitly configure spring.jpa.open-in-view to disable this warning
2020-08-03 21:59:59 - HHH000412: Hibernate ORM core version 5.4.18.Final
2020-08-03 21:59:59 - HCANN000001: Hibernate Commons Annotations {5.1.0.Final}
2020-08-03 21:59:59 - Adding welcome page: ServletContext resource [/index.html]
2020-08-03 21:59:59 - HHH000400: Using dialect: org.hibernate.dialect.MySQL57Dialect
2020-08-03 21:59:59 - Starting ProtocolHandler ["http-nio-8080"]
2020-08-03 21:59:59 - Tomcat started on port(s): 8080 (http) with context path '/flightreservation'
2020-08-03 21:59:59 - Triggering deferred initialization of Spring Data repositories…
2020-08-03 22:00:00 - HHH000490: Using JtaPlatform implementation: [org.hibernate.engine.transaction.jta.platform.internal.NoJtaPlatform]
2020-08-03 22:00:00 - Initialized JPA EntityManagerFactory for persistence unit 'default'
2020-08-03 22:00:01 - Spring Data repositories initialized!
2020-08-03 22:00:01 - Started FlightreservationApplication in 5.315 seconds (JVM running for 7.165)
2020-08-03 22:00:40 - Initializing Spring DispatcherServlet 'dispatcherServlet'
2020-08-03 22:00:40 - Initializing Servlet 'dispatcherServlet'
2020-08-03 22:00:40 - Completed initialization in 5 ms
2020-08-03 22:00:41 - Inside showLoginPage()
2020-08-03 22:00:49 - Inside login() and the email is guo@gmail.com
2020-08-03 22:06:03 - Starting FlightreservationApplication on LAPTOP-ZONDA with PID 25108 (C:\Users\Zonda\Desktop\udemy\flight\flightreservation\target\classes started by Zonda in C:\Users\Zonda\Desktop\udemy\flight\flightreservation)
2020-08-03 22:06:03 - No active profile set, falling back to default profiles: default
2020-08-03 22:06:05 - Bootstrapping Spring Data JPA repositories in DEFERRED mode.
2020-08-03 22:06:05 - Finished Spring Data repository scanning in 135ms. Found 4 JPA repository interfaces.
2020-08-03 22:06:06 - Tomcat initialized with port(s): 8080 (http)
2020-08-03 22:06:06 - Initializing ProtocolHandler ["http-nio-8080"]
2020-08-03 22:06:06 - Starting service [Tomcat]
2020-08-03 22:06:06 - Starting Servlet engine: [Apache Tomcat/9.0.37]
2020-08-03 22:06:07 - At least one JAR was scanned for TLDs yet contained no TLDs. Enable debug logging for this logger for a complete list of JARs that were scanned but no TLDs were found in them. Skipping unneeded JARs during scanning can improve startup time and JSP compilation time.
2020-08-03 22:06:07 - Initializing Spring embedded WebApplicationContext
2020-08-03 22:06:07 - Root WebApplicationContext: initialization completed in 3124 ms
2020-08-03 22:06:07 - Initializing ExecutorService 'applicationTaskExecutor'
2020-08-03 22:06:07 - HikariPool-1 - Starting...
2020-08-03 22:06:07 - HikariPool-1 - Start completed.
2020-08-03 22:06:07 - HHH000204: Processing PersistenceUnitInfo [name: default]
2020-08-03 22:06:07 - spring.jpa.open-in-view is enabled by default. Therefore, database queries may be performed during view rendering. Explicitly configure spring.jpa.open-in-view to disable this warning
2020-08-03 22:06:07 - HHH000412: Hibernate ORM core version 5.4.18.Final
2020-08-03 22:06:08 - HCANN000001: Hibernate Commons Annotations {5.1.0.Final}
2020-08-03 22:06:08 - Adding welcome page: ServletContext resource [/index.html]
2020-08-03 22:06:08 - HHH000400: Using dialect: org.hibernate.dialect.MySQL57Dialect
2020-08-03 22:06:08 - Starting ProtocolHandler ["http-nio-8080"]
2020-08-03 22:06:08 - Tomcat started on port(s): 8080 (http) with context path '/flightreservation'
2020-08-03 22:06:08 - Triggering deferred initialization of Spring Data repositories…
2020-08-03 22:06:09 - HHH000490: Using JtaPlatform implementation: [org.hibernate.engine.transaction.jta.platform.internal.NoJtaPlatform]
2020-08-03 22:06:09 - Initialized JPA EntityManagerFactory for persistence unit 'default'
2020-08-03 22:06:09 - Spring Data repositories initialized!
2020-08-03 22:06:09 - Started FlightreservationApplication in 7.111 seconds (JVM running for 10.245)
2020-08-03 22:06:18 - Initializing Spring DispatcherServlet 'dispatcherServlet'
2020-08-03 22:06:18 - Initializing Servlet 'dispatcherServlet'
2020-08-03 22:06:18 - Completed initialization in 6 ms
2020-08-03 22:06:18 - Inside showLoginPage()
2020-08-03 22:06:40 - Inside login() and the email is guo@gmail.com
