2020-08-04 17:53:21 - Starting FlightreservationApplication v0.0.1-SNAPSHOT on LAPTOP-ZONDA with PID 22780 (C:\Users\Zonda\Desktop\udemy\新建文件夹\flightreservation-0.0.1-SNAPSHOT.jar started by Zonda in C:\Users\Zonda\Desktop\udemy\新建文件夹)
2020-08-04 17:53:21 - No active profile set, falling back to default profiles: default
2020-08-04 17:53:25 - Bootstrapping Spring Data JPA repositories in DEFERRED mode.
2020-08-04 17:53:26 - Finished Spring Data repository scanning in 553ms. Found 5 JPA repository interfaces.
2020-08-04 17:53:29 - Tomcat initialized with port(s): 8080 (http)
2020-08-04 17:53:29 - Initializing ProtocolHandler ["http-nio-8080"]
2020-08-04 17:53:29 - Starting service [Tomcat]
2020-08-04 17:53:29 - Starting Servlet engine: [Apache Tomcat/9.0.37]
2020-08-04 17:53:30 - At least one JAR was scanned for TLDs yet contained no TLDs. Enable debug logging for this logger for a complete list of JARs that were scanned but no TLDs were found in them. Skipping unneeded JARs during scanning can improve startup time and JSP compilation time.
2020-08-04 17:53:30 - Initializing Spring embedded WebApplicationContext
2020-08-04 17:53:30 - Root WebApplicationContext: initialization completed in 8995 ms
2020-08-04 17:53:31 - Initializing ExecutorService 'applicationTaskExecutor'
2020-08-04 17:53:31 - HikariPool-1 - Starting...
2020-08-04 17:53:32 - HikariPool-1 - Start completed.
2020-08-04 17:53:32 - HHH000204: Processing PersistenceUnitInfo [name: default]
2020-08-04 17:53:33 - spring.jpa.open-in-view is enabled by default. Therefore, database queries may be performed during view rendering. Explicitly configure spring.jpa.open-in-view to disable this warning
2020-08-04 17:53:33 - HHH000412: Hibernate ORM core version 5.4.18.Final
2020-08-04 17:53:34 - HCANN000001: Hibernate Commons Annotations {5.1.0.Final}
2020-08-04 17:53:34 - Creating filter chain: any request, [org.springframework.security.web.context.request.async.WebAsyncManagerIntegrationFilter@d737b89, org.springframework.security.web.context.SecurityContextPersistenceFilter@202b0582, org.springframework.security.web.header.HeaderWriterFilter@117159c0, org.springframework.security.web.authentication.logout.LogoutFilter@663c9e7a, org.springframework.security.web.savedrequest.RequestCacheAwareFilter@1ca3b418, org.springframework.security.web.servletapi.SecurityContextHolderAwareRequestFilter@75d3a5e0, org.springframework.security.web.authentication.AnonymousAuthenticationFilter@8519cb4, org.springframework.security.web.session.SessionManagementFilter@7ef82753, org.springframework.security.web.access.ExceptionTranslationFilter@543295b0, org.springframework.security.web.access.intercept.FilterSecurityInterceptor@7f485fda]
2020-08-04 17:53:35 - HHH000400: Using dialect: org.hibernate.dialect.MySQL57Dialect
2020-08-04 17:53:36 - Starting ProtocolHandler ["http-nio-8080"]
2020-08-04 17:53:36 - Tomcat started on port(s): 8080 (http) with context path '/flightreservation'
2020-08-04 17:53:36 - Triggering deferred initialization of Spring Data repositories…
2020-08-04 17:53:37 - HHH000490: Using JtaPlatform implementation: [org.hibernate.engine.transaction.jta.platform.internal.NoJtaPlatform]
2020-08-04 17:53:37 - Initialized JPA EntityManagerFactory for persistence unit 'default'
2020-08-04 17:53:39 - Spring Data repositories initialized!
2020-08-04 17:53:39 - Started FlightreservationApplication in 19.476 seconds (JVM running for 21.011)
2020-08-04 17:54:07 - Initializing Spring DispatcherServlet 'dispatcherServlet'
2020-08-04 17:54:07 - Initializing Servlet 'dispatcherServlet'
2020-08-04 17:54:07 - Completed initialization in 24 ms
2020-08-04 17:54:07 - Inside showLoginPage()
2020-08-04 17:54:24 - Inside showRegistrrationPage()
2020-08-04 17:55:01 - Inside showLoginPage()
2020-08-04 17:55:04 - Inside showRegistrrationPage()
